[2022-11-30T10:31:16.161+0000] {taskinstance.py:1165} INFO - Dependencies all met for <TaskInstance: pratice_pg.download_file manual__2022-11-30T10:31:14.397467+00:00 [queued]>
[2022-11-30T10:31:16.167+0000] {taskinstance.py:1165} INFO - Dependencies all met for <TaskInstance: pratice_pg.download_file manual__2022-11-30T10:31:14.397467+00:00 [queued]>
[2022-11-30T10:31:16.167+0000] {taskinstance.py:1362} INFO - 
--------------------------------------------------------------------------------
[2022-11-30T10:31:16.167+0000] {taskinstance.py:1363} INFO - Starting attempt 1 of 1
[2022-11-30T10:31:16.167+0000] {taskinstance.py:1364} INFO - 
--------------------------------------------------------------------------------
[2022-11-30T10:31:16.174+0000] {taskinstance.py:1383} INFO - Executing <Task(BashOperator): download_file> on 2022-11-30 10:31:14.397467+00:00
[2022-11-30T10:31:16.178+0000] {standard_task_runner.py:55} INFO - Started process 958 to run task
[2022-11-30T10:31:16.180+0000] {standard_task_runner.py:82} INFO - Running: ['***', 'tasks', 'run', 'pratice_pg', 'download_file', 'manual__2022-11-30T10:31:14.397467+00:00', '--job-id', '718', '--raw', '--subdir', 'DAGS_FOLDER/practice_pg.py', '--cfg-path', '/tmp/tmp1gpwiw77']
[2022-11-30T10:31:16.181+0000] {standard_task_runner.py:83} INFO - Job 718: Subtask download_file
[2022-11-30T10:31:16.218+0000] {task_command.py:376} INFO - Running <TaskInstance: pratice_pg.download_file manual__2022-11-30T10:31:14.397467+00:00 [running]> on host 481f60569de1
[2022-11-30T10:31:16.263+0000] {taskinstance.py:1592} INFO - Exporting the following env vars:
AIRFLOW_CTX_DAG_OWNER=***
AIRFLOW_CTX_DAG_ID=pratice_pg
AIRFLOW_CTX_TASK_ID=download_file
AIRFLOW_CTX_EXECUTION_DATE=2022-11-30T10:31:14.397467+00:00
AIRFLOW_CTX_TRY_NUMBER=1
AIRFLOW_CTX_DAG_RUN_ID=manual__2022-11-30T10:31:14.397467+00:00
[2022-11-30T10:31:16.264+0000] {subprocess.py:63} INFO - Tmp dir root location: 
 /tmp
[2022-11-30T10:31:16.264+0000] {subprocess.py:75} INFO - Running command: ['/bin/bash', '-c', 'curl https://people.sc.fsu.edu/~jburkardt/data/csv/snakes_count_100.csv --output /tmp/prcatice_file.csv']
[2022-11-30T10:31:16.271+0000] {subprocess.py:86} INFO - Output:
[2022-11-30T10:31:16.276+0000] {subprocess.py:93} INFO -   % Total    % Received % Xferd  Average Speed   Time    Time     Time  Current
[2022-11-30T10:31:16.276+0000] {subprocess.py:93} INFO -                                  Dload  Upload   Total   Spent    Left  Speed
[2022-11-30T10:31:19.958+0000] {subprocess.py:93} INFO -   0     0    0     0    0     0      0      0 --:--:-- --:--:-- --:--:--     0  0     0    0     0    0     0      0      0 --:--:-- --:--:-- --:--:--     0  0     0    0     0    0     0      0      0 --:--:--  0:00:01 --:--:--     0  0     0    0     0    0     0      0      0 --:--:--  0:00:02 --:--:--     0  0     0    0     0    0     0      0      0 --:--:--  0:00:03 --:--:--     0
[2022-11-30T10:31:19.958+0000] {subprocess.py:93} INFO - curl: (7) Failed to connect to people.sc.fsu.edu port 443: No route to host
[2022-11-30T10:31:19.959+0000] {subprocess.py:97} INFO - Command exited with return code 7
[2022-11-30T10:31:19.966+0000] {taskinstance.py:1851} ERROR - Task failed with exception
Traceback (most recent call last):
  File "/home/airflow/.local/lib/python3.7/site-packages/airflow/operators/bash.py", line 197, in execute
    f'Bash command failed. The command returned a non-zero exit code {result.exit_code}.'
airflow.exceptions.AirflowException: Bash command failed. The command returned a non-zero exit code 7.
[2022-11-30T10:31:19.969+0000] {taskinstance.py:1406} INFO - Marking task as FAILED. dag_id=pratice_pg, task_id=download_file, execution_date=20221130T103114, start_date=20221130T103116, end_date=20221130T103119
[2022-11-30T10:31:19.978+0000] {standard_task_runner.py:105} ERROR - Failed to execute job 718 for task download_file (Bash command failed. The command returned a non-zero exit code 7.; 958)
[2022-11-30T10:31:20.006+0000] {local_task_job.py:159} INFO - Task exited with return code 1
[2022-11-30T10:31:20.028+0000] {taskinstance.py:2623} INFO - 0 downstream tasks scheduled from follow-on schedule check
